This file contains any messages produced by compilers while
running configure, to aid debugging if configure makes a mistake.

It was created by re2c configure 0.13.6, which was
generated by GNU Autoconf 2.68.  Invocation command line was

  $ ./configure 

## --------- ##
## Platform. ##
## --------- ##

hostname = vagrant
uname -m = x86_64
uname -r = 5.4.0-110-generic
uname -s = Linux
uname -v = #124-Ubuntu SMP Thu Apr 14 19:46:19 UTC 2022

/usr/bin/uname -p = x86_64
/bin/uname -X     = unknown

/bin/arch              = x86_64
/usr/bin/arch -k       = unknown
/usr/convex/getsysinfo = unknown
/usr/bin/hostinfo      = unknown
/bin/machine           = unknown
/usr/bin/oslevel       = unknown
/bin/universe          = unknown

PATH: .
PATH: /home/vagrant/ab71/altibase_home/bin
PATH: /home/vagrant/altibase/jdk15/bin
PATH: /usr/local/sbin
PATH: /usr/local/bin
PATH: /usr/sbin
PATH: /usr/bin
PATH: /sbin
PATH: /bin
PATH: /usr/games
PATH: /usr/local/games
PATH: /snap/bin


## ----------- ##
## Core tests. ##
## ----------- ##

configure:2364: checking for a BSD-compatible install
configure:2432: result: /usr/bin/install -c
configure:2443: checking whether build environment is sane
configure:2493: result: yes
configure:2634: checking for a thread-safe mkdir -p
configure:2673: result: /usr/bin/mkdir -p
configure:2686: checking for gawk
configure:2702: found /usr/bin/gawk
configure:2713: result: gawk
configure:2724: checking whether make sets $(MAKE)
configure:2746: result: yes
configure:2845: checking for bison
configure:2861: found /usr/local/bin/bison
configure:2872: result: bison -y
configure:2942: checking for g++
configure:2958: found /usr/bin/g++
configure:2969: result: g++
configure:2996: checking for C++ compiler version
configure:3005: g++ --version >&5
g++ (Ubuntu 9.4.0-1ubuntu1~20.04.1) 9.4.0
Copyright (C) 2019 Free Software Foundation, Inc.
This is free software; see the source for copying conditions.  There is NO
warranty; not even for MERCHANTABILITY or FITNESS FOR A PARTICULAR PURPOSE.

configure:3016: $? = 0
configure:3005: g++ -v >&5
Using built-in specs.
COLLECT_GCC=g++
COLLECT_LTO_WRAPPER=/usr/lib/gcc/x86_64-linux-gnu/9/lto-wrapper
OFFLOAD_TARGET_NAMES=nvptx-none:hsa
OFFLOAD_TARGET_DEFAULT=1
Target: x86_64-linux-gnu
Configured with: ../src/configure -v --with-pkgversion='Ubuntu 9.4.0-1ubuntu1~20.04.1' --with-bugurl=file:///usr/share/doc/gcc-9/README.Bugs --enable-languages=c,ada,c++,go,brig,d,fortran,objc,obj-c++,gm2 --prefix=/usr --with-gcc-major-version-only --program-suffix=-9 --program-prefix=x86_64-linux-gnu- --enable-shared --enable-linker-build-id --libexecdir=/usr/lib --without-included-gettext --enable-threads=posix --libdir=/usr/lib --enable-nls --enable-clocale=gnu --enable-libstdcxx-debug --enable-libstdcxx-time=yes --with-default-libstdcxx-abi=new --enable-gnu-unique-object --disable-vtable-verify --enable-plugin --enable-default-pie --with-system-zlib --with-target-system-zlib=auto --enable-objc-gc=auto --enable-multiarch --disable-werror --with-arch-32=i686 --with-abi=m64 --with-multilib-list=m32,m64,mx32 --enable-multilib --with-tune=generic --enable-offload-targets=nvptx-none=/build/gcc-9-Av3uEd/gcc-9-9.4.0/debian/tmp-nvptx/usr,hsa --without-cuda-driver --enable-checking=release --build=x86_64-linux-gnu --host=x86_64-linux-gnu --target=x86_64-linux-gnu
Thread model: posix
gcc version 9.4.0 (Ubuntu 9.4.0-1ubuntu1~20.04.1) 
configure:3016: $? = 0
configure:3005: g++ -V >&5
g++: error: unrecognized command line option '-V'
g++: fatal error: no input files
compilation terminated.
configure:3016: $? = 1
configure:3005: g++ -qversion >&5
g++: error: unrecognized command line option '-qversion'; did you mean '--version'?
g++: fatal error: no input files
compilation terminated.
configure:3016: $? = 1
configure:3036: checking whether the C++ compiler works
configure:3058: g++    conftest.cpp  >&5
configure:3062: $? = 0
configure:3110: result: yes
configure:3113: checking for C++ compiler default output file name
configure:3115: result: a.out
configure:3121: checking for suffix of executables
configure:3128: g++ -o conftest    conftest.cpp  >&5
configure:3132: $? = 0
configure:3154: result: 
configure:3176: checking whether we are cross compiling
configure:3184: g++ -o conftest    conftest.cpp  >&5
configure:3188: $? = 0
configure:3195: ./conftest
configure:3199: $? = 0
configure:3187: result: no
configure:3192: checking for suffix of object files
configure:3214: g++ -c   conftest.cpp >&5
configure:3218: $? = 0
configure:3239: result: o
configure:3243: checking whether we are using the GNU C++ compiler
configure:3262: g++ -c   conftest.cpp >&5
configure:3262: $? = 0
configure:3271: result: yes
configure:3280: checking whether g++ accepts -g
configure:3300: g++ -c -g  conftest.cpp >&5
configure:3300: $? = 0
configure:3341: result: yes
configure:3375: checking for style of include used by make
configure:3403: result: GNU
configure:3429: checking dependency style of g++
configure:3540: result: gcc3
configure:3603: checking for gcc
configure:3619: found /usr/bin/gcc
configure:3630: result: gcc
configure:3859: checking for C compiler version
configure:3868: gcc --version >&5
gcc (Ubuntu 9.4.0-1ubuntu1~20.04.1) 9.4.0
Copyright (C) 2019 Free Software Foundation, Inc.
This is free software; see the source for copying conditions.  There is NO
warranty; not even for MERCHANTABILITY or FITNESS FOR A PARTICULAR PURPOSE.

configure:3879: $? = 0
configure:3868: gcc -v >&5
Using built-in specs.
COLLECT_GCC=gcc
COLLECT_LTO_WRAPPER=/usr/lib/gcc/x86_64-linux-gnu/9/lto-wrapper
OFFLOAD_TARGET_NAMES=nvptx-none:hsa
OFFLOAD_TARGET_DEFAULT=1
Target: x86_64-linux-gnu
Configured with: ../src/configure -v --with-pkgversion='Ubuntu 9.4.0-1ubuntu1~20.04.1' --with-bugurl=file:///usr/share/doc/gcc-9/README.Bugs --enable-languages=c,ada,c++,go,brig,d,fortran,objc,obj-c++,gm2 --prefix=/usr --with-gcc-major-version-only --program-suffix=-9 --program-prefix=x86_64-linux-gnu- --enable-shared --enable-linker-build-id --libexecdir=/usr/lib --without-included-gettext --enable-threads=posix --libdir=/usr/lib --enable-nls --enable-clocale=gnu --enable-libstdcxx-debug --enable-libstdcxx-time=yes --with-default-libstdcxx-abi=new --enable-gnu-unique-object --disable-vtable-verify --enable-plugin --enable-default-pie --with-system-zlib --with-target-system-zlib=auto --enable-objc-gc=auto --enable-multiarch --disable-werror --with-arch-32=i686 --with-abi=m64 --with-multilib-list=m32,m64,mx32 --enable-multilib --with-tune=generic --enable-offload-targets=nvptx-none=/build/gcc-9-Av3uEd/gcc-9-9.4.0/debian/tmp-nvptx/usr,hsa --without-cuda-driver --enable-checking=release --build=x86_64-linux-gnu --host=x86_64-linux-gnu --target=x86_64-linux-gnu
Thread model: posix
gcc version 9.4.0 (Ubuntu 9.4.0-1ubuntu1~20.04.1) 
configure:3879: $? = 0
configure:3868: gcc -V >&5
gcc: error: unrecognized command line option '-V'
gcc: fatal error: no input files
compilation terminated.
configure:3879: $? = 1
configure:3868: gcc -qversion >&5
gcc: error: unrecognized command line option '-qversion'; did you mean '--version'?
gcc: fatal error: no input files
compilation terminated.
configure:3879: $? = 1
configure:3883: checking whether we are using the GNU C compiler
configure:3902: gcc -c   conftest.c >&5
configure:3902: $? = 0
configure:3911: result: yes
configure:3920: checking whether gcc accepts -g
configure:3940: gcc -c -g  conftest.c >&5
configure:3940: $? = 0
configure:3981: result: yes
configure:3998: checking for gcc option to accept ISO C89
configure:4062: gcc  -c -g -O2  conftest.c >&5
configure:4062: $? = 0
configure:4075: result: none needed
configure:4097: checking dependency style of gcc
configure:4208: result: gcc3
configure:4226: checking Testing GCC version
configure:4232: result: found version 9
configure:4245: checking how to run the C preprocessor
configure:4276: gcc -E  conftest.c
configure:4276: $? = 0
configure:4290: gcc -E  conftest.c
conftest.c:11:10: fatal error: ac_nonexistent.h: No such file or directory
   11 | #include <ac_nonexistent.h>
      |          ^~~~~~~~~~~~~~~~~~
compilation terminated.
configure:4290: $? = 1
configure: failed program was:
| /* confdefs.h */
| #define PACKAGE_NAME "re2c"
| #define PACKAGE_TARNAME "re2c"
| #define PACKAGE_VERSION "0.13.6"
| #define PACKAGE_STRING "re2c 0.13.6"
| #define PACKAGE_BUGREPORT "re2c-general@lists.sourceforge.net"
| #define PACKAGE_URL ""
| #define PACKAGE "re2c"
| #define VERSION "0.13.6"
| /* end confdefs.h.  */
| #include <ac_nonexistent.h>
configure:4315: result: gcc -E
configure:4335: gcc -E  conftest.c
configure:4335: $? = 0
configure:4349: gcc -E  conftest.c
conftest.c:11:10: fatal error: ac_nonexistent.h: No such file or directory
   11 | #include <ac_nonexistent.h>
      |          ^~~~~~~~~~~~~~~~~~
compilation terminated.
configure:4349: $? = 1
configure: failed program was:
| /* confdefs.h */
| #define PACKAGE_NAME "re2c"
| #define PACKAGE_TARNAME "re2c"
| #define PACKAGE_VERSION "0.13.6"
| #define PACKAGE_STRING "re2c 0.13.6"
| #define PACKAGE_BUGREPORT "re2c-general@lists.sourceforge.net"
| #define PACKAGE_URL ""
| #define PACKAGE "re2c"
| #define VERSION "0.13.6"
| /* end confdefs.h.  */
| #include <ac_nonexistent.h>
configure:4378: checking for grep that handles long lines and -e
configure:4436: result: /usr/bin/grep
configure:4441: checking for egrep
configure:4503: result: /usr/bin/grep -E
configure:4508: checking for ANSI C header files
configure:4528: gcc -c -g -O2  conftest.c >&5
configure:4528: $? = 0
configure:4601: gcc -o conftest -g -O2   conftest.c  >&5
configure:4601: $? = 0
configure:4601: ./conftest
configure:4601: $? = 0
configure:4612: result: yes
configure:4631: checking for sys/types.h
configure:4631: gcc -c -g -O2  conftest.c >&5
configure:4631: $? = 0
configure:4631: result: yes
configure:4631: checking for sys/stat.h
configure:4631: gcc -c -g -O2  conftest.c >&5
configure:4631: $? = 0
configure:4631: result: yes
configure:4631: checking for stdlib.h
configure:4631: gcc -c -g -O2  conftest.c >&5
configure:4631: $? = 0
configure:4631: result: yes
configure:4631: checking for string.h
configure:4631: gcc -c -g -O2  conftest.c >&5
configure:4631: $? = 0
configure:4631: result: yes
configure:4631: checking for memory.h
configure:4631: gcc -c -g -O2  conftest.c >&5
configure:4631: $? = 0
configure:4631: result: yes
configure:4631: checking for strings.h
configure:4631: gcc -c -g -O2  conftest.c >&5
configure:4631: $? = 0
configure:4631: result: yes
configure:4631: checking for inttypes.h
configure:4631: gcc -c -g -O2  conftest.c >&5
configure:4631: $? = 0
configure:4631: result: yes
configure:4631: checking for stdint.h
configure:4631: gcc -c -g -O2  conftest.c >&5
configure:4631: $? = 0
configure:4631: result: yes
configure:4631: checking for unistd.h
configure:4631: gcc -c -g -O2  conftest.c >&5
configure:4631: $? = 0
configure:4631: result: yes
configure:4643: checking for stdbool.h that conforms to C99
configure:4710: gcc -c -g -O2  conftest.c >&5
configure:4710: $? = 0
configure:4717: result: yes
configure:4719: checking for _Bool
configure:4719: gcc -c -g -O2  conftest.c >&5
configure:4719: $? = 0
configure:4719: gcc -c -g -O2  conftest.c >&5
conftest.c: In function 'main':
conftest.c:57:20: error: expected expression before ')' token
   57 | if (sizeof ((_Bool)))
      |                    ^
configure:4719: $? = 1
configure: failed program was:
| /* confdefs.h */
| #define PACKAGE_NAME "re2c"
| #define PACKAGE_TARNAME "re2c"
| #define PACKAGE_VERSION "0.13.6"
| #define PACKAGE_STRING "re2c 0.13.6"
| #define PACKAGE_BUGREPORT "re2c-general@lists.sourceforge.net"
| #define PACKAGE_URL ""
| #define PACKAGE "re2c"
| #define VERSION "0.13.6"
| #define STDC_HEADERS 1
| #define HAVE_SYS_TYPES_H 1
| #define HAVE_SYS_STAT_H 1
| #define HAVE_STDLIB_H 1
| #define HAVE_STRING_H 1
| #define HAVE_MEMORY_H 1
| #define HAVE_STRINGS_H 1
| #define HAVE_INTTYPES_H 1
| #define HAVE_STDINT_H 1
| #define HAVE_UNISTD_H 1
| /* end confdefs.h.  */
| #include <stdio.h>
| #ifdef HAVE_SYS_TYPES_H
| # include <sys/types.h>
| #endif
| #ifdef HAVE_SYS_STAT_H
| # include <sys/stat.h>
| #endif
| #ifdef STDC_HEADERS
| # include <stdlib.h>
| # include <stddef.h>
| #else
| # ifdef HAVE_STDLIB_H
| #  include <stdlib.h>
| # endif
| #endif
| #ifdef HAVE_STRING_H
| # if !defined STDC_HEADERS && defined HAVE_MEMORY_H
| #  include <memory.h>
| # endif
| # include <string.h>
| #endif
| #ifdef HAVE_STRINGS_H
| # include <strings.h>
| #endif
| #ifdef HAVE_INTTYPES_H
| # include <inttypes.h>
| #endif
| #ifdef HAVE_STDINT_H
| # include <stdint.h>
| #endif
| #ifdef HAVE_UNISTD_H
| # include <unistd.h>
| #endif
| int
| main ()
| {
| if (sizeof ((_Bool)))
| 	    return 0;
|   ;
|   return 0;
| }
configure:4719: result: yes
configure:4735: checking for an ANSI C-conforming const
configure:4800: gcc -c -g -O2  conftest.c >&5
configure:4800: $? = 0
configure:4807: result: yes
configure:4815: checking for inline
configure:4831: gcc -c -g -O2  conftest.c >&5
configure:4831: $? = 0
configure:4839: result: inline
configure:4857: checking for size_t
configure:4857: gcc -c -g -O2  conftest.c >&5
configure:4857: $? = 0
configure:4857: gcc -c -g -O2  conftest.c >&5
conftest.c: In function 'main':
conftest.c:59:21: error: expected expression before ')' token
   59 | if (sizeof ((size_t)))
      |                     ^
configure:4857: $? = 1
configure: failed program was:
| /* confdefs.h */
| #define PACKAGE_NAME "re2c"
| #define PACKAGE_TARNAME "re2c"
| #define PACKAGE_VERSION "0.13.6"
| #define PACKAGE_STRING "re2c 0.13.6"
| #define PACKAGE_BUGREPORT "re2c-general@lists.sourceforge.net"
| #define PACKAGE_URL ""
| #define PACKAGE "re2c"
| #define VERSION "0.13.6"
| #define STDC_HEADERS 1
| #define HAVE_SYS_TYPES_H 1
| #define HAVE_SYS_STAT_H 1
| #define HAVE_STDLIB_H 1
| #define HAVE_STRING_H 1
| #define HAVE_MEMORY_H 1
| #define HAVE_STRINGS_H 1
| #define HAVE_INTTYPES_H 1
| #define HAVE_STDINT_H 1
| #define HAVE_UNISTD_H 1
| #define HAVE__BOOL 1
| #define HAVE_STDBOOL_H 1
| /* end confdefs.h.  */
| #include <stdio.h>
| #ifdef HAVE_SYS_TYPES_H
| # include <sys/types.h>
| #endif
| #ifdef HAVE_SYS_STAT_H
| # include <sys/stat.h>
| #endif
| #ifdef STDC_HEADERS
| # include <stdlib.h>
| # include <stddef.h>
| #else
| # ifdef HAVE_STDLIB_H
| #  include <stdlib.h>
| # endif
| #endif
| #ifdef HAVE_STRING_H
| # if !defined STDC_HEADERS && defined HAVE_MEMORY_H
| #  include <memory.h>
| # endif
| # include <string.h>
| #endif
| #ifdef HAVE_STRINGS_H
| # include <strings.h>
| #endif
| #ifdef HAVE_INTTYPES_H
| # include <inttypes.h>
| #endif
| #ifdef HAVE_STDINT_H
| # include <stdint.h>
| #endif
| #ifdef HAVE_UNISTD_H
| # include <unistd.h>
| #endif
| int
| main ()
| {
| if (sizeof ((size_t)))
| 	    return 0;
|   ;
|   return 0;
| }
configure:4857: result: yes
configure:4868: checking for working volatile
configure:4887: gcc -c -g -O2  conftest.c >&5
configure:4887: $? = 0
configure:4894: result: yes
configure:4904: checking for working memcmp
configure:4947: gcc -o conftest -g -O2   conftest.c  >&5
configure:4947: $? = 0
configure:4947: ./conftest
configure:4947: $? = 0
configure:4957: result: yes
configure:4972: checking for stdlib.h
configure:4972: result: yes
configure:4972: checking for unistd.h
configure:4972: result: yes
configure:4972: checking for sys/param.h
configure:4972: gcc -c -g -O2  conftest.c >&5
configure:4972: $? = 0
configure:4972: result: yes
configure:4992: checking for getpagesize
configure:4992: gcc -o conftest -g -O2   conftest.c  >&5
configure:4992: $? = 0
configure:4992: result: yes
configure:5001: checking for working mmap
configure:5148: gcc -o conftest -g -O2   conftest.c  >&5
configure:5148: $? = 0
configure:5148: ./conftest
configure:5148: $? = 0
configure:5158: result: yes
configure:5170: checking for memset
configure:5170: gcc -o conftest -g -O2   conftest.c  >&5
conftest.c:51:6: warning: conflicting types for built-in function 'memset'; expected 'void *(void *, int,  long unsigned int)' [-Wbuiltin-declaration-mismatch]
   51 | char memset ();
      |      ^~~~~~
conftest.c:39:1: note: 'memset' is declared in header '<string.h>'
   38 | # include <limits.h>
   39 | #else
configure:5170: $? = 0
configure:5170: result: yes
configure:5170: checking for munmap
configure:5170: gcc -o conftest -g -O2   conftest.c  >&5
configure:5170: $? = 0
configure:5170: result: yes
configure:5170: checking for strdup
configure:5170: gcc -o conftest -g -O2   conftest.c  >&5
conftest.c:53:6: warning: conflicting types for built-in function 'strdup'; expected 'char *(const char *)' [-Wbuiltin-declaration-mismatch]
   53 | char strdup ();
      |      ^~~~~~
configure:5170: $? = 0
configure:5170: result: yes
configure:5170: checking for strndup
configure:5170: gcc -o conftest -g -O2   conftest.c  >&5
conftest.c:54:6: warning: conflicting types for built-in function 'strndup'; expected 'char *(const char *, long unsigned int)' [-Wbuiltin-declaration-mismatch]
   54 | char strndup ();
      |      ^~~~~~~
configure:5170: $? = 0
configure:5170: result: yes
configure:5184: checking size of char
configure:5189: gcc -o conftest -g -O2   conftest.c  >&5
configure:5189: $? = 0
configure:5189: ./conftest
configure:5189: $? = 0
configure:5203: result: 1
configure:5217: checking size of short
configure:5222: gcc -o conftest -g -O2   conftest.c  >&5
configure:5222: $? = 0
configure:5222: ./conftest
configure:5222: $? = 0
configure:5236: result: 2
configure:5250: checking size of int
configure:5255: gcc -o conftest -g -O2   conftest.c  >&5
configure:5255: $? = 0
configure:5255: ./conftest
configure:5255: $? = 0
configure:5269: result: 4
configure:5283: checking size of long
configure:5288: gcc -o conftest -g -O2   conftest.c  >&5
configure:5288: $? = 0
configure:5288: ./conftest
configure:5288: $? = 0
configure:5302: result: 8
configure:5443: creating ./config.status

## ---------------------- ##
## Running config.status. ##
## ---------------------- ##

This file was extended by re2c config.status 0.13.6, which was
generated by GNU Autoconf 2.68.  Invocation command line was

  CONFIG_FILES    = 
  CONFIG_HEADERS  = 
  CONFIG_LINKS    = 
  CONFIG_COMMANDS = 
  $ ./config.status 

on vagrant

config.status:891: creating Makefile
config.status:891: creating README
config.status:891: creating makerpm
config.status:891: creating re2c.1
config.status:891: creating re2c.spec
config.status:891: creating run_tests.sh
config.status:891: creating config_w32.h
config.status:891: creating htdocs/manual.html
config.status:891: creating config.h
config.status:1072: config.h is unchanged
config.status:1120: executing depfiles commands
config.status:1120: executing default-1 commands

## ---------------- ##
## Cache variables. ##
## ---------------- ##

ac_cv_c_compiler_gnu=yes
ac_cv_c_const=yes
ac_cv_c_inline=inline
ac_cv_c_volatile=yes
ac_cv_cxx_compiler_gnu=yes
ac_cv_env_CCC_set=
ac_cv_env_CCC_value=
ac_cv_env_CC_set=
ac_cv_env_CC_value=
ac_cv_env_CFLAGS_set=
ac_cv_env_CFLAGS_value=
ac_cv_env_CPPFLAGS_set=
ac_cv_env_CPPFLAGS_value=
ac_cv_env_CPP_set=
ac_cv_env_CPP_value=
ac_cv_env_CXXFLAGS_set=
ac_cv_env_CXXFLAGS_value=
ac_cv_env_CXX_set=
ac_cv_env_CXX_value=
ac_cv_env_LDFLAGS_set=
ac_cv_env_LDFLAGS_value=
ac_cv_env_LIBS_set=
ac_cv_env_LIBS_value=
ac_cv_env_YACC_set=
ac_cv_env_YACC_value=
ac_cv_env_YFLAGS_set=
ac_cv_env_YFLAGS_value=
ac_cv_env_build_alias_set=
ac_cv_env_build_alias_value=
ac_cv_env_host_alias_set=
ac_cv_env_host_alias_value=
ac_cv_env_target_alias_set=
ac_cv_env_target_alias_value=
ac_cv_func_getpagesize=yes
ac_cv_func_memcmp_working=yes
ac_cv_func_memset=yes
ac_cv_func_mmap_fixed_mapped=yes
ac_cv_func_munmap=yes
ac_cv_func_strdup=yes
ac_cv_func_strndup=yes
ac_cv_header_inttypes_h=yes
ac_cv_header_memory_h=yes
ac_cv_header_stdbool_h=yes
ac_cv_header_stdc=yes
ac_cv_header_stdint_h=yes
ac_cv_header_stdlib_h=yes
ac_cv_header_string_h=yes
ac_cv_header_strings_h=yes
ac_cv_header_sys_param_h=yes
ac_cv_header_sys_stat_h=yes
ac_cv_header_sys_types_h=yes
ac_cv_header_unistd_h=yes
ac_cv_objext=o
ac_cv_path_EGREP='/usr/bin/grep -E'
ac_cv_path_GREP=/usr/bin/grep
ac_cv_path_install='/usr/bin/install -c'
ac_cv_path_mkdir=/usr/bin/mkdir
ac_cv_prog_AWK=gawk
ac_cv_prog_CPP='gcc -E'
ac_cv_prog_YACC='bison -y'
ac_cv_prog_ac_ct_CC=gcc
ac_cv_prog_ac_ct_CXX=g++
ac_cv_prog_cc_c89=
ac_cv_prog_cc_g=yes
ac_cv_prog_cxx_g=yes
ac_cv_prog_make_make_set=yes
ac_cv_sizeof_char=1
ac_cv_sizeof_int=4
ac_cv_sizeof_long=8
ac_cv_sizeof_short=2
ac_cv_type__Bool=yes
ac_cv_type_size_t=yes
am_cv_CC_dependencies_compiler_type=gcc3
am_cv_CXX_dependencies_compiler_type=gcc3

## ----------------- ##
## Output variables. ##
## ----------------- ##

ACLOCAL='${SHELL} /home/vagrant/alti/re2c-0.13.6/missing --run aclocal-1.11'
AMDEPBACKSLASH='\'
AMDEP_FALSE='#'
AMDEP_TRUE=''
AMTAR='$${TAR-tar}'
AUTOCONF='${SHELL} /home/vagrant/alti/re2c-0.13.6/missing --run autoconf'
AUTOHEADER='${SHELL} /home/vagrant/alti/re2c-0.13.6/missing --run autoheader'
AUTOMAKE='${SHELL} /home/vagrant/alti/re2c-0.13.6/missing --run automake-1.11'
AWK='gawk'
CC='gcc'
CCDEPMODE='depmode=gcc3'
CFLAGS='-g -O2'
CPP='gcc -E'
CPPFLAGS=''
CXX='g++'
CXXDEPMODE='depmode=gcc3'
CXXFLAGS='-g -O2'
CYGPATH_W='echo'
DEFS='-DHAVE_CONFIG_H'
DEPDIR='.deps'
ECHO_C=''
ECHO_N='-n'
ECHO_T=''
EGREP='/usr/bin/grep -E'
EXEEXT=''
GREP='/usr/bin/grep'
INSTALL_DATA='${INSTALL} -m 644'
INSTALL_PROGRAM='${INSTALL}'
INSTALL_SCRIPT='${INSTALL}'
INSTALL_STRIP_PROGRAM='$(install_sh) -c -s'
LDFLAGS=''
LIBOBJS=''
LIBS=''
LTLIBOBJS=''
MAKEINFO='${SHELL} /home/vagrant/alti/re2c-0.13.6/missing --run makeinfo'
MKDIR_P='/usr/bin/mkdir -p'
OBJEXT='o'
PACKAGE='re2c'
PACKAGE_BUGREPORT='re2c-general@lists.sourceforge.net'
PACKAGE_DATE='31 Jul 2022'
PACKAGE_NAME='re2c'
PACKAGE_RELEASE='1'
PACKAGE_STRING='re2c 0.13.6'
PACKAGE_TARNAME='re2c'
PACKAGE_URL=''
PACKAGE_VERSION='0.13.6'
PATH_SEPARATOR=':'
SET_MAKE=''
SHELL='/bin/bash'
STRIP=''
VERSION='0.13.6'
WINBUILDDIR='Release-2005'
YACC='bison -y'
YFLAGS=''
ac_ct_CC='gcc'
ac_ct_CXX='g++'
am__EXEEXT_FALSE=''
am__EXEEXT_TRUE='#'
am__fastdepCC_FALSE='#'
am__fastdepCC_TRUE=''
am__fastdepCXX_FALSE='#'
am__fastdepCXX_TRUE=''
am__include='include'
am__isrc=''
am__leading_dot='.'
am__nodep='_no'
am__quote=''
am__tar='$${TAR-tar} chof - "$$tardir"'
am__untar='$${TAR-tar} xf -'
bindir='${exec_prefix}/bin'
build_alias=''
datadir='${datarootdir}'
datarootdir='${prefix}/share'
docdir='${datarootdir}/doc/${PACKAGE_TARNAME}'
dvidir='${docdir}'
exec_prefix='${prefix}'
host_alias=''
htmldir='${docdir}'
includedir='${prefix}/include'
infodir='${datarootdir}/info'
install_sh='${SHELL} /home/vagrant/alti/re2c-0.13.6/install-sh'
libdir='${exec_prefix}/lib'
libexecdir='${exec_prefix}/libexec'
localedir='${datarootdir}/locale'
localstatedir='${prefix}/var'
mandir='${datarootdir}/man'
mkdir_p='/usr/bin/mkdir -p'
oldincludedir='/usr/include'
pdfdir='${docdir}'
prefix='/usr/local'
program_transform_name='s,x,x,'
psdir='${docdir}'
sbindir='${exec_prefix}/sbin'
sharedstatedir='${prefix}/com'
sysconfdir='${prefix}/etc'
target_alias=''

## ----------- ##
## confdefs.h. ##
## ----------- ##

/* confdefs.h */
#define PACKAGE_NAME "re2c"
#define PACKAGE_TARNAME "re2c"
#define PACKAGE_VERSION "0.13.6"
#define PACKAGE_STRING "re2c 0.13.6"
#define PACKAGE_BUGREPORT "re2c-general@lists.sourceforge.net"
#define PACKAGE_URL ""
#define PACKAGE "re2c"
#define VERSION "0.13.6"
#define STDC_HEADERS 1
#define HAVE_SYS_TYPES_H 1
#define HAVE_SYS_STAT_H 1
#define HAVE_STDLIB_H 1
#define HAVE_STRING_H 1
#define HAVE_MEMORY_H 1
#define HAVE_STRINGS_H 1
#define HAVE_INTTYPES_H 1
#define HAVE_STDINT_H 1
#define HAVE_UNISTD_H 1
#define HAVE__BOOL 1
#define HAVE_STDBOOL_H 1
#define HAVE_STDLIB_H 1
#define HAVE_UNISTD_H 1
#define HAVE_SYS_PARAM_H 1
#define HAVE_GETPAGESIZE 1
#define HAVE_MMAP 1
#define HAVE_MEMSET 1
#define HAVE_MUNMAP 1
#define HAVE_STRDUP 1
#define HAVE_STRNDUP 1
#define SIZEOF_CHAR 1
#define SIZEOF_SHORT 2
#define SIZEOF_INT 4
#define SIZEOF_LONG 8

configure: exit 0
