This file contains any messages produced by compilers while
running configure, to aid debugging if configure makes a mistake.

It was created by GNU Bison configure 2.4.1, which was
generated by GNU Autoconf 2.62.  Invocation command line was

  $ ./configure 

## --------- ##
## Platform. ##
## --------- ##

hostname = DESKTOP-5U9CCFM
uname -m = x86_64
uname -r = 5.10.16.3-microsoft-standard-WSL2
uname -s = Linux
uname -v = #1 SMP Fri Apr 2 22:23:49 UTC 2021

/usr/bin/uname -p = x86_64
/bin/uname -X     = unknown

/bin/arch              = x86_64
/usr/bin/arch -k       = unknown
/usr/convex/getsysinfo = unknown
/usr/bin/hostinfo      = unknown
/bin/machine           = unknown
/usr/bin/oslevel       = unknown
/bin/universe          = unknown

PATH: /usr/local/sbin
PATH: /usr/local/bin
PATH: /usr/sbin
PATH: /usr/bin
PATH: /sbin
PATH: /bin
PATH: /usr/games
PATH: /usr/local/games
PATH: /usr/lib/wsl/lib
PATH: /mnt/c/Users/joonh/AppData/Roaming/MobaXterm/slash/bin
PATH: /mnt/c/Windows/
PATH: /mnt/c/Windows/system32/
PATH: /mnt/c/Windows/system32
PATH: /mnt/c/Windows
PATH: /mnt/c/Windows/System32/Wbem
PATH: /mnt/c/Windows/System32/WindowsPowerShell/v1.0/
PATH: /mnt/c/HashiCorp/Vagrant/bin
PATH: /mnt/c/Users/joonh/AppData/Local/Microsoft/WindowsApps
PATH: /mnt/c/Windows/sysnative/
PATH: /snap/bin


## ----------- ##
## Core tests. ##
## ----------- ##

configure:2220: checking for a BSD-compatible install
configure:2288: result: /usr/bin/install -c
configure:2299: checking whether build environment is sane

## ---------------- ##
## Cache variables. ##
## ---------------- ##

ac_cv_env_CCC_set=
ac_cv_env_CCC_value=
ac_cv_env_CC_set=
ac_cv_env_CC_value=
ac_cv_env_CFLAGS_set=
ac_cv_env_CFLAGS_value=
ac_cv_env_CPPFLAGS_set=
ac_cv_env_CPPFLAGS_value=
ac_cv_env_CPP_set=
ac_cv_env_CPP_value=
ac_cv_env_CXXFLAGS_set=
ac_cv_env_CXXFLAGS_value=
ac_cv_env_CXX_set=
ac_cv_env_CXX_value=
ac_cv_env_LDFLAGS_set=
ac_cv_env_LDFLAGS_value=
ac_cv_env_LIBS_set=
ac_cv_env_LIBS_value=
ac_cv_env_YACC_set=
ac_cv_env_YACC_value=
ac_cv_env_YFLAGS_set=
ac_cv_env_YFLAGS_value=
ac_cv_env_build_alias_set=
ac_cv_env_build_alias_value=
ac_cv_env_host_alias_set=
ac_cv_env_host_alias_value=
ac_cv_env_target_alias_set=
ac_cv_env_target_alias_value=
ac_cv_path_install='/usr/bin/install -c'

## ----------------- ##
## Output variables. ##
## ----------------- ##

ACLOCAL=''
AMDEPBACKSLASH=''
AMDEP_FALSE=''
AMDEP_TRUE=''
AMTAR=''
AUTOCONF=''
AUTOHEADER=''
AUTOM4TE=''
AUTOMAKE=''
AWK=''
BISON_CXX_WORKS=''
BISON_CXX_WORKS_FALSE=''
BISON_CXX_WORKS_TRUE=''
BISON_LOCALEDIR=''
BITSIZEOF_PTRDIFF_T=''
BITSIZEOF_SIG_ATOMIC_T=''
BITSIZEOF_SIZE_T=''
BITSIZEOF_WCHAR_T=''
BITSIZEOF_WINT_T=''
CC=''
CCDEPMODE=''
CFLAGS=''
CLASSPATH=''
CLASSPATH_SEPARATOR=''
CONF_JAVA=''
CONF_JAVAC=''
CPP=''
CPPFLAGS=''
CXX=''
CXXDEPMODE=''
CXXFLAGS=''
CYGPATH_W=''
DEFS=''
DEPDIR=''
ECHO_C=''
ECHO_N='-n'
ECHO_T=''
EGREP=''
EMULTIHOP_HIDDEN=''
EMULTIHOP_VALUE=''
ENOLINK_HIDDEN=''
ENOLINK_VALUE=''
EOVERFLOW_HIDDEN=''
EOVERFLOW_VALUE=''
ERRNO_H=''
EXEEXT=''
GCC=''
GETOPT_H=''
GETTEXT_MACRO_VERSION=''
GLIBC21=''
GL_COND_LIBTOOL_FALSE=''
GL_COND_LIBTOOL_TRUE=''
GMSGFMT=''
GMSGFMT_015=''
GNULIB_ATOLL=''
GNULIB_CALLOC_POSIX=''
GNULIB_CHOWN=''
GNULIB_CLOSE=''
GNULIB_DUP2=''
GNULIB_ENVIRON=''
GNULIB_EUIDACCESS=''
GNULIB_FCHDIR=''
GNULIB_FSYNC=''
GNULIB_FTRUNCATE=''
GNULIB_GETCWD=''
GNULIB_GETDOMAINNAME=''
GNULIB_GETDTABLESIZE=''
GNULIB_GETHOSTNAME=''
GNULIB_GETLOADAVG=''
GNULIB_GETLOGIN_R=''
GNULIB_GETPAGESIZE=''
GNULIB_GETSUBOPT=''
GNULIB_GETUSERSHELL=''
GNULIB_IMAXABS=''
GNULIB_IMAXDIV=''
GNULIB_LCHOWN=''
GNULIB_LSEEK=''
GNULIB_MALLOC_POSIX=''
GNULIB_MBSCASECMP=''
GNULIB_MBSCASESTR=''
GNULIB_MBSCHR=''
GNULIB_MBSCSPN=''
GNULIB_MBSLEN=''
GNULIB_MBSNCASECMP=''
GNULIB_MBSNLEN=''
GNULIB_MBSPBRK=''
GNULIB_MBSPCASECMP=''
GNULIB_MBSRCHR=''
GNULIB_MBSSEP=''
GNULIB_MBSSPN=''
GNULIB_MBSSTR=''
GNULIB_MBSTOK_R=''
GNULIB_MEMMEM=''
GNULIB_MEMPCPY=''
GNULIB_MEMRCHR=''
GNULIB_MKDTEMP=''
GNULIB_MKSTEMP=''
GNULIB_PUTENV=''
GNULIB_RANDOM_R=''
GNULIB_RAWMEMCHR=''
GNULIB_READLINK=''
GNULIB_REALLOC_POSIX=''
GNULIB_RPMATCH=''
GNULIB_SETENV=''
GNULIB_SLEEP=''
GNULIB_STPCPY=''
GNULIB_STPNCPY=''
GNULIB_STRCASESTR=''
GNULIB_STRCHRNUL=''
GNULIB_STRDUP=''
GNULIB_STRERROR=''
GNULIB_STRNDUP=''
GNULIB_STRNLEN=''
GNULIB_STRPBRK=''
GNULIB_STRSEP=''
GNULIB_STRSIGNAL=''
GNULIB_STRSTR=''
GNULIB_STRTOD=''
GNULIB_STRTOIMAX=''
GNULIB_STRTOK_R=''
GNULIB_STRTOLL=''
GNULIB_STRTOULL=''
GNULIB_STRTOUMAX=''
GNULIB_STRVERSCMP=''
GNULIB_UNISTD_H_SIGPIPE=''
GNULIB_UNSETENV=''
GNULIB_WCWIDTH=''
GNULIB_WRITE=''
GREP=''
HAVE_ATOLL=''
HAVE_CALLOC_POSIX=''
HAVE_DECL_ENVIRON=''
HAVE_DECL_GETLOADAVG=''
HAVE_DECL_GETLOGIN_R=''
HAVE_DECL_IMAXABS=''
HAVE_DECL_IMAXDIV=''
HAVE_DECL_MEMMEM=''
HAVE_DECL_MEMRCHR=''
HAVE_DECL_STRDUP=''
HAVE_DECL_STRERROR=''
HAVE_DECL_STRNDUP=''
HAVE_DECL_STRNLEN=''
HAVE_DECL_STRSIGNAL=''
HAVE_DECL_STRTOIMAX=''
HAVE_DECL_STRTOK_R=''
HAVE_DECL_STRTOUMAX=''
HAVE_DECL_WCWIDTH=''
HAVE_DUP2=''
HAVE_EUIDACCESS=''
HAVE_FSYNC=''
HAVE_FTRUNCATE=''
HAVE_GCJ_C=''
HAVE_GCJ_IN_PATH=''
HAVE_GETDOMAINNAME=''
HAVE_GETDTABLESIZE=''
HAVE_GETHOSTNAME=''
HAVE_GETPAGESIZE=''
HAVE_GETSUBOPT=''
HAVE_GETUSERSHELL=''
HAVE_GIJ=''
HAVE_GIJ_IN_PATH=''
HAVE_INTTYPES_H=''
HAVE_ISWCNTRL=''
HAVE_JAVA=''
HAVE_JAVAC=''
HAVE_JAVAC_ENVVAR=''
HAVE_JAVAC_IN_PATH=''
HAVE_JAVA_ENVVAR=''
HAVE_JAVA_IN_PATH=''
HAVE_JIKES=''
HAVE_JIKES_IN_PATH=''
HAVE_JRE=''
HAVE_JRE_IN_PATH=''
HAVE_JVIEW=''
HAVE_JVIEW_IN_PATH=''
HAVE_LONG_LONG_INT=''
HAVE_MALLOC_POSIX=''
HAVE_MEMPCPY=''
HAVE_MKDTEMP=''
HAVE_OS_H=''
HAVE_RANDOM_R=''
HAVE_RAWMEMCHR=''
HAVE_READLINK=''
HAVE_REALLOC_POSIX=''
HAVE_RPMATCH=''
HAVE_SETENV=''
HAVE_SIGNED_SIG_ATOMIC_T=''
HAVE_SIGNED_WCHAR_T=''
HAVE_SIGNED_WINT_T=''
HAVE_SLEEP=''
HAVE_STDINT_H=''
HAVE_STPCPY=''
HAVE_STPNCPY=''
HAVE_STRCASESTR=''
HAVE_STRCHRNUL=''
HAVE_STRNDUP=''
HAVE_STRPBRK=''
HAVE_STRSEP=''
HAVE_STRTOD=''
HAVE_STRTOLL=''
HAVE_STRTOULL=''
HAVE_STRUCT_RANDOM_DATA=''
HAVE_STRVERSCMP=''
HAVE_SYS_BITYPES_H=''
HAVE_SYS_INTTYPES_H=''
HAVE_SYS_LOADAVG_H=''
HAVE_SYS_PARAM_H=''
HAVE_SYS_TYPES_H=''
HAVE_UNISTD_H=''
HAVE_UNSETENV=''
HAVE_UNSIGNED_LONG_LONG_INT=''
HAVE_WCHAR_H=''
HAVE_WCTYPE_H=''
HAVE_WINT_T=''
HAVE__BOOL=''
HELP2MAN=''
INCLUDE_NEXT=''
INCLUDE_NEXT_AS_FIRST_DIRECTIVE=''
INSTALL_DATA='${INSTALL} -m 644'
INSTALL_PROGRAM='${INSTALL}'
INSTALL_SCRIPT='${INSTALL}'
INSTALL_STRIP_PROGRAM=''
INT32_MAX_LT_INTMAX_MAX=''
INT64_MAX_EQ_LONG_MAX=''
INTLLIBS=''
INTL_MACOSX_LIBS=''
INTTYPES_H=''
LDFLAGS=''
LEX=''
LEXLIB=''
LEX_OUTPUT_ROOT=''
LIBBISON_LIBDEPS=''
LIBBISON_LTLIBDEPS=''
LIBICONV=''
LIBINTL=''
LIBOBJS=''
LIBS=''
LOCALCHARSET_TESTS_ENVIRONMENT=''
LTLIBICONV=''
LTLIBINTL=''
LTLIBOBJS=''
M4=''
MAKEINFO=''
MKDIR_P=''
MSGFMT=''
MSGFMT_015=''
MSGMERGE=''
NEXT_ERRNO_H=''
NEXT_INTTYPES_H=''
NEXT_STDINT_H=''
NEXT_STDLIB_H=''
NEXT_STRING_H=''
NEXT_UNISTD_H=''
NEXT_WCHAR_H=''
NEXT_WCTYPE_H=''
O0CFLAGS=''
O0CXXFLAGS=''
OBJEXT=''
PACKAGE=''
PACKAGE_BUGREPORT='bug-bison@gnu.org'
PACKAGE_COPYRIGHT_YEAR='2008'
PACKAGE_NAME='GNU Bison'
PACKAGE_STRING='GNU Bison 2.4.1'
PACKAGE_TARNAME='bison'
PACKAGE_VERSION='2.4.1'
PATH_SEPARATOR=':'
POSUB=''
PRAGMA_SYSTEM_HEADER=''
PRIPTR_PREFIX=''
PRI_MACROS_BROKEN=''
PTRDIFF_T_SUFFIX=''
RANLIB=''
REPLACE_CHOWN=''
REPLACE_CLOSE=''
REPLACE_FCHDIR=''
REPLACE_GETCWD=''
REPLACE_GETPAGESIZE=''
REPLACE_ISWCNTRL=''
REPLACE_LCHOWN=''
REPLACE_LSEEK=''
REPLACE_MEMMEM=''
REPLACE_MKSTEMP=''
REPLACE_PUTENV=''
REPLACE_STRCASESTR=''
REPLACE_STRDUP=''
REPLACE_STRERROR=''
REPLACE_STRSIGNAL=''
REPLACE_STRSTR=''
REPLACE_STRTOD=''
REPLACE_WCWIDTH=''
REPLACE_WRITE=''
SET_MAKE=''
SHELL='/bin/bash'
SIG_ATOMIC_T_SUFFIX=''
SIZE_T_SUFFIX=''
STDBOOL_H=''
STDINT_H=''
STRIP=''
UINT32_MAX_LT_UINTMAX_MAX=''
UINT64_MAX_EQ_ULONG_MAX=''
UNISTD_H_HAVE_WINSOCK2_H=''
USE_NLS=''
VALGRIND=''
VERSION=''
VOID_UNSETENV=''
WARN_CFLAGS=''
WARN_CXXFLAGS=''
WCHAR_H=''
WCHAR_T_SUFFIX=''
WCTYPE_H=''
WERROR_CFLAGS=''
WINT_T_SUFFIX=''
XGETTEXT=''
XGETTEXT_015=''
XGETTEXT_EXTRA_OPTIONS=''
XSLTPROC=''
YACC=''
YACC_LIBRARY=''
YACC_SCRIPT=''
YFLAGS=''
ac_ct_CC=''
ac_ct_CXX=''
aclocaldir=''
am__fastdepCC_FALSE=''
am__fastdepCC_TRUE=''
am__fastdepCXX_FALSE=''
am__fastdepCXX_TRUE=''
am__include=''
am__isrc=''
am__leading_dot=''
am__quote=''
am__tar=''
am__untar=''
bindir='${exec_prefix}/bin'
build=''
build_alias=''
build_cpu=''
build_os=''
build_vendor=''
datadir='${datarootdir}'
datarootdir='${prefix}/share'
docdir='${datarootdir}/doc/${PACKAGE_TARNAME}'
dvidir='${docdir}'
exec_prefix='NONE'
gl_LIBOBJS=''
gl_LTLIBOBJS=''
gltests_LIBOBJS=''
gltests_LTLIBOBJS=''
host=''
host_alias=''
host_cpu=''
host_os=''
host_vendor=''
htmldir='${docdir}'
includedir='${prefix}/include'
infodir='${datarootdir}/info'
install_sh=''
libdir='${exec_prefix}/lib'
libexecdir='${exec_prefix}/libexec'
localedir='${datarootdir}/locale'
localstatedir='${prefix}/var'
mandir='${datarootdir}/man'
mkdir_p=''
oldincludedir='/usr/include'
pdfdir='${docdir}'
prefix='NONE'
program_transform_name='s,x,x,'
psdir='${docdir}'
sbindir='${exec_prefix}/sbin'
sharedstatedir='${prefix}/com'
sysconfdir='${prefix}/etc'
target_alias=''

## ----------- ##
## confdefs.h. ##
## ----------- ##

#define PACKAGE_NAME "GNU Bison"
#define PACKAGE_TARNAME "bison"
#define PACKAGE_VERSION "2.4.1"
#define PACKAGE_STRING "GNU Bison 2.4.1"
#define PACKAGE_BUGREPORT "bug-bison@gnu.org"
#define PACKAGE_COPYRIGHT_YEAR 2008

configure: caught signal 2
configure: exit 1
